\BOOKMARK [1][-]{section.1}{\376\377\000T\000h\000e\000\040\000B\000a\000s\000i\000c\000\040\000R\000e\000s\000e\000a\000r\000c\000h\000\040\000P\000r\000o\000b\000l\000e\000m}{}% 1
\BOOKMARK [2][-]{subsection.1.1}{\376\377\125\106\116\032\200\314\146\157\377\032\146\023\201\120\124\301\166\204\136\223\133\130\126\360\130\203}{section.1}% 2
\BOOKMARK [2][-]{subsection.1.2}{\376\377\145\160\133\146\152\041\127\213\116\016\147\000\117\030\211\343\143\250\133\374}{section.1}% 3
\BOOKMARK [2][-]{subsection.1.3}{\376\377\150\070\137\303\176\337\213\241\133\146\143\021\142\030}{section.1}% 4
\BOOKMARK [1][-]{section.2}{\376\377\000T\000h\000e\000\040\000I\000d\000e\000a\000\040\000a\000n\000d\000\040\000M\000e\000t\000h\000o\000d\000o\000l\000o\000g\000y}{}% 5
\BOOKMARK [2][-]{subsection.2.1}{\376\377\000L\000e\000v\000e\000l\000\040\0001\000:\000\040\000S\000e\000p\000a\000r\000a\000t\000e\000\040\000F\000o\000r\000e\000c\000a\000s\000t\000i\000n\000g\000\040\000a\000n\000d\000\040\000O\000p\000t\000i\000m\000i\000z\000a\000t\000i\000o\000n\000\040\000\050\000S\000F\000O\000\051}{section.2}% 6
\BOOKMARK [2][-]{subsection.2.2}{\376\377\000L\000e\000v\000e\000l\000\040\0002\000:\000\040\000S\000a\000m\000p\000l\000e\000\040\000A\000v\000e\000r\000a\000g\000e\000\040\000A\000p\000p\000r\000o\000x\000i\000m\000a\000t\000i\000o\000n\000\040\000\050\000S\000A\000A\000\051}{section.2}% 7
\BOOKMARK [2][-]{subsection.2.3}{\376\377\000L\000e\000v\000e\000l\000\040\0003\000:\000\040\000I\000n\000t\000e\000g\000r\000a\000t\000e\000d\000\040\000F\000o\000r\000e\000c\000a\000s\000t\000i\000n\000g\000\040\000a\000n\000d\000\040\000O\000p\000t\000i\000m\000i\000z\000a\000t\000i\000o\000n\000\040\000\050\000I\000F\000O\000\051}{section.2}% 8
\BOOKMARK [1][-]{section.3}{\376\377\000D\000a\000t\000a\000\040\000S\000o\000u\000r\000c\000e\000\040\000a\000n\000d\000\040\000E\000m\000p\000i\000r\000i\000c\000a\000l\000\040\000R\000e\000s\000u\000l\000t\000s}{}% 9
\BOOKMARK [2][-]{subsection.3.1}{\376\377\123\237\213\272\145\207\145\160\143\156\131\004\164\006}{section.3}% 10
\BOOKMARK [2][-]{subsection.3.2}{\376\377\131\015\163\260\145\160\143\156\147\204\136\372\116\016\230\204\131\004\164\006}{section.3}% 11
\BOOKMARK [2][-]{subsection.3.3}{\376\377\213\272\145\207\123\237\133\236\213\301\176\323\147\234}{section.3}% 12
\BOOKMARK [3][-]{subsubsection.3.3.1}{\376\377\000L\000e\000v\000e\000l\000\040\0001\000:\000\040\160\271\230\204\155\113\174\276\136\246\122\006\147\220}{subsection.3.3}% 13
\BOOKMARK [3][-]{subsubsection.3.3.2}{\376\377\000L\000e\000v\000e\000l\000\040\0002\000:\000\040\136\223\133\130\176\351\145\110\116\016\134\076\220\350\230\316\226\151}{subsection.3.3}% 14
\BOOKMARK [3][-]{subsubsection.3.3.3}{\376\377\000L\000e\000v\000e\000l\000\040\0003\000\040\116\016\150\067\147\054\221\317\145\117\141\037\140\047\122\006\147\220}{subsection.3.3}% 15
\BOOKMARK [2][-]{subsection.3.4}{\376\377\134\017\176\304\131\015\163\260\176\323\147\234}{section.3}% 16
\BOOKMARK [3][-]{subsubsection.3.4.1}{\376\377\000L\000e\000v\000e\000l\000\040\0001\000:\000\040\227\000\154\102\230\204\155\113\116\016\162\171\137\201\135\345\172\013}{subsection.3.4}% 17
\BOOKMARK [3][-]{subsubsection.3.4.2}{\376\377\000L\000e\000v\000e\000l\000\040\0002\000:\000\040\176\337\213\241\150\300\232\214\116\016\136\223\133\130\121\263\173\126\117\030\123\026}{subsection.3.4}% 18
\BOOKMARK [3][-]{subsubsection.3.4.3}{\376\377\000L\000e\000v\000e\000l\000\040\0003\000:\000\040\127\372\116\216\122\006\117\115\145\160\126\336\137\122\166\204\226\306\142\020\117\030\123\026}{subsection.3.4}% 19
\BOOKMARK [1][-]{section.4}{\376\377\000D\000i\000s\000c\000u\000s\000s\000i\000o\000n\000\040\000a\000n\000d\000\040\000C\000o\000n\000c\000l\000u\000s\000i\000o\000n}{}% 20
\BOOKMARK [2][-]{subsection.4.1}{\376\377\176\337\213\241\133\146\211\306\211\322\166\204\155\361\136\246\155\036\133\337}{section.4}% 21
\BOOKMARK [2][-]{subsection.4.2}{\376\377\170\024\172\166\134\100\226\120\116\016\145\071\217\333\145\271\124\021}{section.4}% 22
\BOOKMARK [1][-]{appendix.A}{\376\377\123\237\213\272\145\207\133\236\213\301\176\323\147\234\126\376\210\150}{}% 23
\BOOKMARK [1][-]{appendix.B}{\376\377\142\245\172\345\152\041\127\213\116\000\226\066\147\000\117\030\140\047\147\141\116\366\166\204\143\250\133\374}{}% 24
\BOOKMARK [1][-]{appendix.C}{\376\377\145\160\143\156\156\005\155\027\116\016\162\171\137\201\135\345\172\013\121\163\225\056\220\073\217\221}{}% 25
\BOOKMARK [1][-]{appendix.D}{\376\377\000L\000e\000v\000e\000l\000\040\0003\000\040\152\041\127\213\215\205\123\302\145\160\177\121\150\074\144\034\175\042\172\172\225\364}{}% 26
